<?xml version="1.0" encoding="UTF-8"?>
<!-- Generated by org.testng.reporters.JUnitReportReporter -->
<testsuite hostname="DESKTOP-QV90AU0" name="EndToEndScenario.CreateProjectUsingDatabase" tests="1" failures="0" timestamp="30 Oct 2021 11:47:52 GMT" time="5.214" errors="0">
  <testcase name="createProjectAndVerifyInDB" time="5.214" classname="EndToEndScenario.CreateProjectUsingDatabase"/>
</testsuite> <!-- EndToEndScenario.CreateProjectUsingDatabase -->
