<?xml version="1.0" encoding="UTF-8"?>
<!-- Generated by org.testng.reporters.JUnitReportReporter -->
<testsuite hostname="DESKTOP-QV90AU0" name="HashMap.BasicAuth" tests="1" failures="0" timestamp="30 Oct 2021 07:08:22 GMT" time="8.909" errors="0">
  <testcase name="RR" time="8.909" classname="HashMap.BasicAuth"/>
</testsuite> <!-- HashMap.BasicAuth -->
