<?xml version="1.0" encoding="UTF-8"?>
<!-- Generated by org.testng.reporters.JUnitReportReporter -->
<testsuite hostname="DESKTOP-QV90AU0" name="HashMap.Auth2Auth" tests="1" failures="0" timestamp="30 Oct 2021 07:51:21 GMT" time="10.362" errors="0">
  <testcase name="auth2auth" time="10.362" classname="HashMap.Auth2Auth"/>
</testsuite> <!-- HashMap.Auth2Auth -->
