<?xml version="1.0" encoding="UTF-8"?>
<!-- Generated by org.testng.reporters.JUnitReportReporter -->
<testsuite hostname="DESKTOP-QV90AU0" name="HashMap.BarearToken" tests="1" failures="0" timestamp="30 Oct 2021 07:19:06 GMT" time="12.728" errors="0">
  <testcase name="fff" time="12.728" classname="HashMap.BarearToken"/>
</testsuite> <!-- HashMap.BarearToken -->
