<?xml version="1.0" encoding="UTF-8"?>
<!-- Generated by org.testng.reporters.JUnitReportReporter -->
<testsuite hostname="DESKTOP-QV90AU0" name="BDD.GetAllProjectByBDD" tests="1" failures="0" timestamp="29 Oct 2021 07:01:21 GMT" time="4.555" errors="0">
  <testcase name="getAllProjectByBDD" time="4.555" classname="BDD.GetAllProjectByBDD"/>
</testsuite> <!-- BDD.GetAllProjectByBDD -->
