<?xml version="1.0" encoding="UTF-8"?>
<!-- Generated by org.testng.reporters.JUnitReportReporter -->
<testsuite hostname="DESKTOP-QV90AU0" name="AuthAndParameter.BarrierToken" tests="1" failures="0" timestamp="30 Oct 2021 11:54:14 GMT" time="7.242" errors="0">
  <testcase name="barrierToken" time="7.242" classname="AuthAndParameter.BarrierToken"/>
</testsuite> <!-- AuthAndParameter.BarrierToken -->
