<?xml version="1.0" encoding="UTF-8"?>
<!-- Generated by org.testng.reporters.JUnitReportReporter -->
<testsuite hostname="DESKTOP-QV90AU0" name="AuthAndParameter.Oauth2" tests="1" failures="0" timestamp="30 Oct 2021 12:02:23 GMT" time="16.440" errors="0">
  <testcase name="auth2auth" time="16.440" classname="AuthAndParameter.Oauth2"/>
</testsuite> <!-- AuthAndParameter.Oauth2 -->
