<?xml version="1.0" encoding="UTF-8"?>
<!-- Generated by org.testng.reporters.JUnitReportReporter -->
<testsuite hostname="DESKTOP-QV90AU0" name="HashMap.CreateProjectUsingFile" tests="1" failures="0" timestamp="28 Oct 2021 06:59:37 GMT" time="19.213" errors="0">
  <testcase name="createProjectUsingFile" time="19.213" classname="HashMap.CreateProjectUsingFile"/>
</testsuite> <!-- HashMap.CreateProjectUsingFile -->
